Jan 10 17:35:38 Installed: perl-DBI-1.609-4.fc13.x86_64
Jan 10 17:35:39 Installed: perl-DBD-Pg-2.17.1-1.fc13.x86_64
Jan 10 17:35:40 Installed: perl-GSSAPI-0.26-4.fc13.x86_64
Jan 10 17:35:40 Installed: fping-2.4b2-10.fc12.x86_64
Jan 10 17:35:41 Installed: perl-Digest-SHA1-2.12-2.fc13.x86_64
Jan 10 17:35:42 Installed: perl-Net-LibIDN-0.12-3.fc13.x86_64
Jan 10 17:35:42 Installed: perl-Digest-HMAC-1.02-1.fc13.noarch
Jan 10 17:35:43 Installed: 1:perl-ExtUtils-ParseXS-2.20-120.fc13.x86_64
Jan 10 17:35:44 Installed: 4:perl-devel-5.10.1-120.fc13.x86_64
Jan 10 17:35:45 Installed: perl-Test-Harness-3.17-120.fc13.x86_64
Jan 10 17:35:46 Installed: perl-ExtUtils-MakeMaker-6.55-120.fc13.x86_64
Jan 10 17:35:47 Installed: perl-URI-1.54-1.fc13.noarch
Jan 10 17:35:48 Installed: perl-XML-NamespaceSupport-1.11-1.fc13.noarch
Jan 10 17:35:49 Installed: perl-Net-DNS-0.65-2.fc13.x86_64
Jan 10 17:35:50 Installed: 1:perl-XML-LibXML-1.70-4.fc13.x86_64
Jan 10 17:35:51 Installed: perl-XML-SAX-0.96-8.fc13.noarch
Jan 10 17:35:52 Installed: perl-Test-Simple-0.94-1.fc13.noarch
Jan 10 17:35:52 Installed: perl-Authen-SASL-2.13-2.fc13.noarch
Jan 10 17:35:53 Installed: perl-Net-Telnet-3.03-9.fc13.noarch
Jan 10 17:35:54 Installed: perl-Config-Grammar-1.10-4.fc13.noarch
Jan 10 17:35:54 Installed: perl-FreezeThaw-0.45-4.fc13.noarch
Jan 10 17:35:55 Installed: perl-CGI-Session-4.35-4.fc13.noarch
Jan 10 17:35:55 Installed: perl-Compress-Raw-Zlib-2.030-1.fc13.x86_64
Jan 10 17:35:58 Installed: dejavu-lgc-sans-mono-fonts-2.31-1.fc13.noarch
Jan 10 17:36:00 Installed: rrdtool-1.3.8-6.fc13.x86_64
Jan 10 17:36:01 Installed: rrdtool-perl-1.3.8-6.fc13.x86_64
Jan 10 17:36:01 Installed: perl-Compress-Raw-Bzip2-2.030-1.fc13.x86_64
Jan 10 17:36:02 Installed: perl-IO-Compress-2.030-1.fc13.noarch
Jan 10 17:36:03 Installed: perl-Convert-ASN1-0.22-2.fc13.noarch
Jan 10 17:36:04 Installed: perl-SNMP_Session-1.12-4.fc13.noarch
Jan 10 17:36:05 Installed: perl-Net-SSLeay-1.36-1.fc13.x86_64
Jan 10 17:36:05 Installed: perl-IO-Socket-SSL-1.37-1.fc13.noarch
Jan 10 17:36:06 Installed: perl-HTML-Tagset-3.20-4.fc13.noarch
Jan 10 17:36:06 Installed: perl-HTML-Parser-3.68-1.fc13.x86_64
Jan 10 17:36:07 Installed: perl-libwww-perl-5.837-2.fc13.noarch
Jan 10 17:36:08 Installed: 1:perl-LDAP-0.40-1.fc13.noarch
Jan 10 17:36:10 Installed: perl-JSON-2.15-5.fc12.noarch
Jan 10 17:36:10 Installed: perl-qooxdoo-compat-0.7.3-6.fc13.noarch
Jan 10 17:36:12 Installed: smokeping-2.4.2-10.fc12.noarch
Jan 13 16:12:57 Installed: libgcj-4.4.5-2.fc13.x86_64
Jan 13 16:12:58 Installed: hyphen-2.4-5.fc12.x86_64
Jan 13 16:12:59 Installed: libtextcat-2.2-11.fc13.x86_64
Jan 13 16:13:00 Installed: hyphen-en-2.4-5.fc12.noarch
Jan 13 16:13:00 Installed: 1:autocorr-en-3.2.0-12.33.fc13.noarch
Jan 13 16:13:01 Installed: 1:java_cup-0.11a-4.fc13.noarch
Jan 13 16:13:02 Installed: java-1.5.0-gcj-1.5.0.0-32.fc13.x86_64
Jan 13 16:13:03 Installed: sinjdoc-0.5-9.fc12.x86_64
Jan 13 16:13:05 Installed: 1:openoffice.org-ure-3.2.0-12.33.fc13.x86_64
Jan 13 16:13:06 Installed: lucene-2.4.1-1.fc13.x86_64
Jan 13 16:13:09 Installed: 1:openoffice.org-opensymbol-fonts-3.2.0-12.33.fc13.noarch
Jan 13 16:13:32 Installed: 1:openoffice.org-core-3.2.0-12.33.fc13.x86_64
Jan 13 16:13:34 Installed: 1:openoffice.org-brand-3.2.0-12.33.fc13.x86_64
Jan 13 16:13:36 Installed: 1:openoffice.org-writer-core-3.2.0-12.33.fc13.x86_64
Jan 13 16:13:37 Installed: 1:openoffice.org-writer-3.2.0-12.33.fc13.x86_64
Jan 17 18:47:04 Installed: python-cherrypy-3.1.2-2.fc12.noarch
Jan 17 18:51:26 Installed: python-sqlalchemy-0.5.8-3.fc13.noarch
Jan 17 18:55:12 Erased: python-cherrypy
Jan 20 15:09:56 Updated: glibc-common-2.12.2-1.x86_64
Jan 20 15:10:02 Updated: glibc-2.12.2-1.x86_64
Jan 20 15:10:03 Updated: krb5-libs-1.7.1-16.fc13.x86_64
Jan 20 15:10:04 Updated: openssl-1.0.0c-1.fc13.x86_64
Jan 20 15:10:07 Updated: 1:xscreensaver-base-5.12-9.fc13.x86_64
Jan 20 15:10:07 Updated: ibus-libs-1.3.9-2.fc13.x86_64
Jan 20 15:10:08 Updated: postgresql-libs-8.4.6-1.fc13.x86_64
Jan 20 15:10:09 Updated: 32:bind-libs-9.7.2-1.P3.fc13.x86_64
Jan 20 15:10:10 Updated: wxBase-2.8.11-2.fc13.x86_64
Jan 20 15:10:11 Updated: evince-libs-2.30.3-2.fc13.x86_64
Jan 20 15:10:11 Updated: pcsc-lite-libs-1.5.5-5.fc13.x86_64
Jan 20 15:10:12 Updated: info-4.13a-13.fc13.x86_64
Jan 20 15:10:12 Updated: libwmf-lite-0.2.8.4-22.fc13.x86_64
Jan 20 15:10:13 Updated: gnome-python2-extras-2.25.3-25.fc13.x86_64
Jan 20 15:10:13 Updated: foomatic-db-filesystem-4.0-23.20101123.fc13.noarch
Jan 20 15:10:16 Updated: ccid-1.3.11-2.fc13.x86_64
Jan 20 15:10:17 Updated: pcsc-lite-1.5.5-5.fc13.x86_64
Jan 20 15:10:20 Updated: evince-2.30.3-2.fc13.x86_64
Jan 20 15:10:21 Updated: wxGTK-2.8.11-2.fc13.x86_64
Jan 20 15:10:24 Updated: 32:bind-9.7.2-1.P3.fc13.x86_64
Jan 20 15:10:27 Updated: postgresql-8.4.6-1.fc13.x86_64
Jan 20 15:10:27 Updated: 1:xscreensaver-gl-base-5.12-9.fc13.x86_64
Jan 20 15:10:29 Updated: 1:xscreensaver-gl-extras-5.12-9.fc13.x86_64
Jan 20 15:10:30 Updated: 1:xscreensaver-extras-5.12-9.fc13.x86_64
Jan 20 15:10:35 Updated: wireshark-1.2.13-2.fc13.x86_64
Jan 20 15:10:36 Updated: yp-tools-2.10-3.fc13.x86_64
Jan 20 15:10:37 Updated: 3:ypbind-1.31-5.fc13.x86_64
Jan 20 15:10:46 Updated: 1:java-1.6.0-openjdk-1.6.0.0-48.1.8.4.fc13.x86_64
Jan 20 15:10:48 Updated: gutenprint-5.2.6-2.fc13.x86_64
Jan 20 15:10:50 Updated: boost-system-1.41.0-11.fc13.x86_64
Jan 20 15:10:52 Updated: libpurple-2.7.9-1.fc13.x86_64
Jan 20 15:10:54 Updated: goffice-0.8.12-1.fc13.x86_64
Jan 20 15:10:57 Updated: xulrunner-1.9.2.13-1.fc13.x86_64
Jan 20 15:10:58 Updated: im-chooser-1.4.0-1.fc13.x86_64
Jan 20 15:10:58 Updated: ibus-gtk-1.3.9-2.fc13.x86_64
Jan 20 15:11:03 Updated: ibus-1.3.9-2.fc13.x86_64
Jan 20 15:11:11 Updated: foomatic-db-ppds-4.0-23.20101123.fc13.noarch
Jan 20 15:11:12 Updated: wine-symbol-fonts-1.3.9-1.fc13.noarch
Jan 20 15:11:13 Updated: python-boto-1.9b-4.fc13.noarch
Jan 20 15:11:14 Updated: wine-system-fonts-1.3.9-1.fc13.noarch
Jan 20 15:11:14 Updated: wine-courier-fonts-1.3.9-1.fc13.noarch
Jan 20 15:11:15 Updated: hplip-common-3.10.9-9.fc13.x86_64
Jan 20 15:11:15 Updated: hplip-libs-3.10.9-9.fc13.x86_64
Jan 20 15:11:18 Updated: 1:hpijs-3.10.9-9.fc13.x86_64
Jan 20 15:11:19 Updated: kernel-headers-2.6.34.7-66.fc13.x86_64
Jan 20 15:11:20 Updated: glibc-headers-2.12.2-1.x86_64
Jan 20 15:11:21 Updated: wine-small-fonts-1.3.9-1.fc13.noarch
Jan 20 15:11:42 Updated: selinux-policy-3.7.19-76.fc13.noarch
Jan 20 15:11:42 Updated: vlgothic-fonts-common-20101218-1.fc13.noarch
Jan 20 15:11:43 Updated: wine-marlett-fonts-1.3.9-1.fc13.noarch
Jan 20 15:11:43 Updated: wine-fonts-1.3.9-1.fc13.noarch
Jan 20 15:11:44 Installed: kde-filesystem-4-35.fc13.noarch
Jan 20 15:11:45 Updated: phonon-4.4.3-2.fc13.x86_64
Jan 20 15:11:46 Updated: phonon-backend-xine-4.4.3-2.fc13.x86_64
Jan 20 15:11:47 Updated: hplip-3.10.9-9.fc13.x86_64
Jan 20 15:11:48 Updated: duplicity-0.6.11-1.fc13.x86_64
Jan 20 15:11:49 Updated: ibus-anthy-1.2.5-3.fc13.x86_64
Jan 20 15:11:53 Updated: ibus-chewing-1.3.9.2-1.fc13.x86_64
Jan 20 15:11:56 Updated: 1:gnumeric-1.10.12-1.fc13.x86_64
Jan 20 15:12:02 Updated: pidgin-2.7.9-1.fc13.x86_64
Jan 20 15:12:03 Updated: boost-filesystem-1.41.0-11.fc13.x86_64
Jan 20 15:12:04 Updated: gutenprint-cups-5.2.6-2.fc13.x86_64
Jan 20 15:12:05 Updated: 1:java-1.6.0-openjdk-plugin-1.6.0.0-48.1.8.4.fc13.x86_64
Jan 20 15:12:06 Updated: wireshark-gnome-1.2.13-2.fc13.x86_64
Jan 20 15:12:08 Updated: postgresql-server-8.4.6-1.fc13.x86_64
Jan 20 15:12:08 Updated: wxGTK-gl-2.8.11-2.fc13.x86_64
Jan 20 15:12:09 Updated: evince-nautilus-2.30.3-2.fc13.x86_64
Jan 20 15:12:10 Updated: gnome-python2-gtkhtml2-2.25.3-25.fc13.x86_64
Jan 20 15:12:10 Updated: gnome-python2-libegg-2.25.3-25.fc13.x86_64
Jan 20 15:12:11 Updated: libwmf-0.2.8.4-22.fc13.x86_64
Jan 20 15:12:13 Updated: ImageMagick-6.5.8.10-7.fc13.x86_64
Jan 20 15:12:14 Updated: krb5-workstation-1.7.1-16.fc13.x86_64
Jan 20 15:12:15 Updated: 32:bind-utils-9.7.2-1.P3.fc13.x86_64
Jan 20 15:12:17 Updated: ruby-libs-1.8.6.420-1.fc13.x86_64
Jan 20 15:12:18 Updated: slv2-0.6.6-6.fc13.x86_64
Jan 20 15:12:19 Updated: wavpack-4.60.1-1.fc13.x86_64
Jan 20 15:12:20 Updated: 1:xorg-x11-font-utils-7.2-12.fc13.x86_64
Jan 20 15:12:21 Updated: libhangul-0.0.12-1.fc13.x86_64
Jan 20 15:12:22 Updated: openobex-1.4-5.fc13.x86_64
Jan 20 15:12:22 Updated: xvidcore-1.2.2-1.fc13.x86_64
Jan 20 15:12:23 Updated: mdadm-3.1.3-0.git20100804.2.fc13.x86_64
Jan 20 15:12:24 Updated: libisofs-0.6.40-1.fc13.x86_64
Jan 20 15:12:26 Updated: webkitgtk-1.2.6-1.fc13.x86_64
Jan 20 15:12:26 Updated: lzop-1.03-2.fc13.x86_64
Jan 20 15:12:27 Updated: boost-thread-1.41.0-11.fc13.x86_64
Jan 20 15:12:28 Updated: nscd-2.12.2-1.x86_64
Jan 20 15:12:29 Updated: less-436-8.fc13.x86_64
Jan 20 15:12:29 Updated: mingetty-1.08-6.fc13.x86_64
Jan 20 15:12:30 Updated: boost-date-time-1.41.0-11.fc13.x86_64
Jan 20 15:12:32 Updated: eog-2.30.1-3.fc13.x86_64
Jan 20 15:12:35 Updated: vlgothic-fonts-20101218-1.fc13.noarch
Jan 20 15:13:07 Updated: selinux-policy-targeted-3.7.19-76.fc13.noarch
Jan 20 15:13:08 Updated: glibc-devel-2.12.2-1.x86_64
Jan 20 15:13:14 Updated: foomatic-db-4.0-23.20101123.fc13.noarch
Jan 20 15:13:17 Updated: firefox-3.6.13-1.fc13.x86_64
Jan 20 15:13:18 Updated: 1:xscreensaver-5.12-9.fc13.x86_64
Jan 20 15:13:18 Updated: 32:bind-chroot-9.7.2-1.P3.fc13.x86_64
Jan 20 15:13:23 Updated: 1:xchat-2.8.8-6.fc13.x86_64
Jan 20 15:13:23 Updated: python-simplejson-2.1.2-1.fc13.x86_64
Jan 20 15:13:24 Updated: crontabs-1.11-1.20101115git.fc13.noarch
Jan 20 15:13:24 Updated: ql2400-firmware-5.03.13-1.fc13.noarch
Jan 20 15:13:27 Updated: paktype-naqsh-fonts-3.0-4.fc13.noarch
Jan 20 15:13:30 Updated: paktype-tehreer-fonts-2.0-10.fc13.noarch
Jan 20 15:13:31 Updated: perf-2.6.34.7-66.fc13.noarch
Jan 20 15:13:31 Updated: ql2500-firmware-5.03.13-1.fc13.noarch
Jan 20 15:13:38 Installed: kernel-2.6.34.7-66.fc13.x86_64
Jan 20 15:13:41 Updated: glibc-2.12.2-1.i686
Jan 20 15:13:41 Updated: wine-common-1.3.9-1.fc13.noarch
Jan 20 15:13:47 Updated: wine-core-1.3.9-1.fc13.i686
Jan 20 15:13:48 Updated: wine-cms-1.3.9-1.fc13.i686
Jan 20 15:13:49 Updated: wine-pulseaudio-1.3.9-1.fc13.i686
Jan 20 15:13:50 Updated: wine-twain-1.3.9-1.fc13.i686
Jan 20 15:13:50 Updated: wine-openal-1.3.9-1.fc13.i686
Jan 20 15:13:51 Updated: wine-capi-1.3.9-1.fc13.i686
Jan 20 15:13:52 Updated: wine-ldap-1.3.9-1.fc13.i686
Jan 20 15:13:52 Updated: wine-wow-1.3.9-1.fc13.i686
Jan 20 15:13:53 Updated: krb5-libs-1.7.1-16.fc13.i686
Jan 20 15:13:54 Updated: wine-desktop-1.3.9-1.fc13.noarch
Jan 20 15:13:56 Updated: openssl-1.0.0c-1.fc13.i686
Jan 20 15:13:56 Updated: wine-1.3.9-1.fc13.i686