[2011-01-01 21:55] Running '/usr/bin/pacman --noconfirm --asdeps -S -- swig'
[2011-01-01 21:55] installed swig (2.0.1-1)
[2011-01-01 21:58] Running '/usr/bin/pacman -U jvgs-0.5-6-x86_64.pkg.tar.xz'
[2011-01-01 21:58] upgraded jvgs (0.5-5 -> 0.5-6)
[2011-01-01 22:03] Running '/usr/bin/pacman -U virtualbox_bin-4.0.0-2-x86_64.pkg.tar.xz'
[2011-01-01 22:03] :: Unloading VirtualBox kernel modules [BUSY] [DONE]
[2011-01-01 22:04] :: Recompiling VirtualBox kernel modules [BUSY] [DONE]
[2011-01-01 22:04] :: Reloading VirtualBox kernel modules [BUSY] [DONE]
[2011-01-01 22:04]
[2011-01-01 22:04] ==> Add your user to the vboxusers group:
[2011-01-01 22:04] ==> # gpasswd -a USERNAME vboxusers
[2011-01-01 22:04] ==>
[2011-01-01 22:04] ==> You must load vboxdrv module before starting VirtualBox:
[2011-01-01 22:04] ==> # modprobe vboxdrv
[2011-01-01 22:04] ==>
[2011-01-01 22:04] ==> You must load vboxnetflt for Host Interface Networking:
[2011-01-01 22:04] ==> # modprobe vboxnetflt
[2011-01-01 22:04] ==>
[2011-01-01 22:04] ==> You must load vboxnetadp for Host-Only networking:
[2011-01-01 22:04] ==> # modprobe vboxnetadp
[2011-01-01 22:04] ==>
[2011-01-01 22:04] ==> To load it automatically, add vboxdrv module to the "MODULES" array
[2011-01-01 22:04] ==> "/etc/rc.conf".
[2011-01-01 22:04] ==>
[2011-01-01 22:04] ==> Run `/etc/rc.d/vboxdrv setup` as root every time your kernel is
[2011-01-01 22:04] ==> upgraded, to compile the module for the new kernel version.
[2011-01-01 22:04]
[2011-01-01 22:04] upgraded virtualbox_bin (4.0.0-1 -> 4.0.0-2)
[2011-01-01 22:04] Running 'pacman -Syu'
[2011-01-01 22:04] synchronizing package lists
[2011-01-01 22:04] starting full system upgrade
[2011-01-01 22:05] upgraded lib32-glibc (2.12.1-9 -> 2.12.2-1)
[2011-01-01 22:05] upgraded lib32-gcc-libs (4.5.1-8 -> 4.5.2-3)
[2011-01-01 22:05] upgraded xulrunner (1.9.2.13-2 -> 1.9.2.13-3)
[2011-01-02 20:11] Running 'pacman -S pwsafe'
[2011-01-02 20:12] installed pwsafe (0.2.0-6)
[2011-01-02 20:18] Running 'pacman -S rar'
[2011-01-02 23:54] Running 'pacman -S tmux'
[2011-01-02 23:54] upgraded tmux (1.4-1 -> 1.4-1)
[2011-01-02 23:54] Running 'pacman -S irssi'
[2011-01-02 23:54] upgraded irssi (0.8.15-3 -> 0.8.15-3)
[2011-01-03 00:00] Running 'pacman -Syu'
[2011-01-03 00:00] synchronizing package lists
[2011-01-03 00:00] starting full system upgrade
[2011-01-03 00:01] upgraded cairo-perl (1.061-2 -> 1.061-3)
[2011-01-03 00:01] upgraded cloog-ppl (0.15.9-2 -> 0.15.10-1)
[2011-01-03 00:01] upgraded coreutils (8.7-1 -> 8.8-1)
[2011-01-03 00:01] upgraded elfutils (0.149-2 -> 0.150-1)
[2011-01-03 00:01] - expectk has been removed. Use tclsh instead
[2011-01-03 00:01] upgraded expect (5.44.1.15-1 -> 5.45-1)
[2011-01-03 00:01] upgraded glib-perl (1.223-1 -> 1.223-2)
[2011-01-03 00:01] upgraded mlt (0.5.10-1 -> 0.6.0-1)
[2011-01-03 00:01] upgraded kdenlive (0.7.8-1 -> 0.7.8-2)
[2011-01-03 16:07] Running 'pacman -S amsn'
[2011-01-03 16:07] installed tls (1.6-3)
[2011-01-03 16:07] installed amsn (0.98.4-1)
[2011-01-03 18:45] Running 'pacman -Rcs virtualbox_bin'
[2011-01-03 18:45] removed virtualbox_bin (4.0.0-2)
[2011-01-03 18:45] Running 'pacman -R virtualbox_bin'
[2011-01-03 18:45] Running 'pacman -R virtualbox-bin'
[2011-01-03 18:47] Running 'pacman -S virtualbox'
[2011-01-03 18:47] installed libvncserver (0.9.7-3)
[2011-01-03 18:47]
[2011-01-03 18:47] ===> In order to run VirtualBox, you have to be in the 'vboxusers' group.
[2011-01-03 18:47] ===>
[2011-01-03 18:47] ===> If you want to be able to install guest additions, you have to install
[2011-01-03 18:47] ===> 'virtualbox-additions' package.
[2011-01-03 18:47] ===>
[2011-01-03 18:47] ===> You must load vboxdrv module before starting VirtualBox:
[2011-01-03 18:47] ===> # modprobe vboxdrv
[2011-01-03 18:47] ===>
[2011-01-03 18:47] ===> You must load vboxnetflt for Host Interface Networking:
[2011-01-03 18:47] ===> # modprobe vboxnetflt
[2011-01-03 18:47] ===>
[2011-01-03 18:47] ===> You must load vboxnetadp for Host-Only networking:
[2011-01-03 18:47] ===> # modprobe vboxnetadp
[2011-01-03 18:47] ===>
[2011-01-03 18:47] ===> To load it automatically, add vboxdrv module
[2011-01-03 18:47] ===> to the MODULES array in /etc/rc.conf.
[2011-01-03 18:47]
[2011-01-03 18:47] *** To compile the modules do /etc/rc.d/vboxdrv setup ***
[2011-01-03 18:47]
[2011-01-03 18:47] installed virtualbox (4.0.0-3)
[2011-01-04 00:00] Running 'pacman -Syu'
[2011-01-04 00:00] synchronizing package lists
[2011-01-04 00:00] upgraded pacman (3.4.1-1 -> 3.4.2-1)
[2011-01-04 00:01] Running 'pacman -Syu'
[2011-01-04 00:01] synchronizing package lists
[2011-01-04 00:01] starting full system upgrade
[2011-01-04 00:03] upgraded e2fsprogs (1.41.12-1 -> 1.41.14-1)
[2011-01-04 00:03] upgraded libmysqlclient (5.1.51-1 -> 5.1.54-1)
[2011-01-04 00:03] upgraded libtool (2.4-1 -> 2.4-2)
[2011-01-04 00:03] upgraded mysql-clients (5.1.51-1 -> 5.1.54-1)
[2011-01-04 00:03] upgraded mysql (5.1.51-1 -> 5.1.54-1)
[2011-01-05 17:42] Running 'pacman -S qtemu qemu-kvm'
[2011-01-05 17:42] installed bluez (4.84-1)
[2011-01-05 17:42] Change /etc/conf.d/vde to your needs.
[2011-01-05 17:42] vde config files should be placed in /etc/vde, sample files are provided.
[2011-01-05 17:42] iptables and dhcpd sample files have been installed to '/usr/share/vde2'.
[2011-01-05 17:42] Merge those examples, if needed to the according config files.
[2011-01-05 17:42] installed vde2 (2.3.1-1)
[2011-01-05 17:42] >>> PLEASE READ FOR KVM USAGE!
[2011-01-05 17:42] >>> Load the correct KVM module, you will need a KVM capable CPU!
[2011-01-05 17:42] >>> Add yourself to the group 'kvm'.
[2011-01-05 17:42] >>> Use 'qemu-kvm -enable-kvm' to use KVM.
[2011-01-05 17:42]
[2011-01-05 17:42] installed qemu-kvm (0.13.0-1)
[2011-01-05 17:42] installed qtemu (1.0.5-3)
[2011-01-05 20:08] Running 'pacman -Syu'
[2011-01-05 20:08] synchronizing package lists
[2011-01-05 20:08] starting full system upgrade
[2011-01-05 20:10] Running 'pacman -Syu'
[2011-01-05 20:10] synchronizing package lists
[2011-01-05 20:10] starting full system upgrade
[2011-01-05 20:10] upgraded cloog-ppl (0.15.10-1 -> 0.15.10-2)
[2011-01-05 20:10] upgraded gcc (4.5.2-3 -> 4.5.2-4)
[2011-01-05 20:10] upgraded gcc-libs (4.5.2-3 -> 4.5.2-4)
[2011-01-05 20:10] upgraded groff (1.20.1-4 -> 1.21-1)
[2011-01-05 20:10] upgraded lib32-e2fsprogs (1.41.12-3 -> 1.41.14-1)
[2011-01-05 20:10] upgraded lib32-gcc-libs (4.5.2-3 -> 4.5.2-4)
[2011-01-05 20:10] upgraded libogg (1.2.2-1 -> 1.2.2-1.1)
[2011-01-05 20:10] upgraded netpbm (10.47.18-1 -> 10.47.24-1)
[2011-01-05 20:11] upgraded pam (1.1.1-2 -> 1.1.3-1)
[2011-01-05 20:11] upgraded pciutils (3.1.7-1 -> 3.1.7-2)
[2011-01-05 20:11] upgraded phpmyadmin (3.3.8.1-1 -> 3.3.9-1)
[2011-01-05 20:11] upgraded rrdtool (1.4.4-2 -> 1.4.5-1)
[2011-01-05 20:11] upgraded udev (164-3 -> 165-1)
[2011-01-05 22:46] Running 'pacman -Rcs qemu'
[2011-01-05 22:46] Running 'pacman -Rcs qemu-kvm'
[2011-01-05 22:46] removed qtemu (1.0.5-3)
[2011-01-05 22:46] removed qemu-kvm (0.13.0-1)
[2011-01-05 22:46] removed bluez (4.84-1)
[2011-01-05 22:46] removed vde2 (2.3.1-1)
[2011-01-05 22:47] Running 'pacman -S virtualbox'
[2011-01-05 22:47] ===> You must reload vboxdrv module before starting VirtualBox:
[2011-01-05 22:47] ===> # modprobe vboxdrv
[2011-01-05 22:47] ===>
[2011-01-05 22:47] ===> You must reload vboxnetflt for Host Interface Networking:
[2011-01-05 22:47] ===> # modprobe vboxnetflt
[2011-01-05 22:47] ===>
[2011-01-05 22:47] ===> You must reload vboxnetadp for Host-Only networking:
[2011-01-05 22:47] ===> # modprobe vboxnetadp
[2011-01-05 22:47] ===>
[2011-01-05 22:47] ===> To load it automatically, add vboxdrv module
[2011-01-05 22:47] ===> to the MODULES array in /etc/rc.conf.
[2011-01-05 22:47]
[2011-01-05 22:47] *** To recompile the modules do /etc/rc.d/vboxdrv setup ***
[2011-01-05 22:47] upgraded virtualbox (4.0.0-3 -> 4.0.0-3)
[2011-01-06 00:00] Running 'pacman -Syu'
[2011-01-06 00:00] synchronizing package lists
[2011-01-06 00:00] starting full system upgrade
[2011-01-06 00:00] upgraded lib32-glib2 (2.26.1-1 -> 2.26.1-2)
[2011-01-06 01:02] Running 'pacman -S virtualbox-additions'
[2011-01-06 01:03] Running 'pacman -S virtualbox-additions'
[2011-01-06 01:03] Running 'pacman -S virtualbox-additions'
[2011-01-06 01:57] Running 'pacman -S virtualbox-additions'
[2011-01-06 02:00]
[2011-01-06 02:00] ===> virtualbox-additions post install message:
[2011-01-06 02:00] ===>
[2011-01-06 02:00] ===> Redistribution of VBoxGuestAdditions.iso from the binary packages
[2011-01-06 02:00] ===> on www.virtualbox.org with Arch Linux has been granted by
[2011-01-06 02:00] ===> InnoTek Systemberatung GmbH.
[2011-01-06 02:00] ===>
[2011-01-06 02:00] ===> By using this package you accept
[2011-01-06 02:00] ===> the VirtualBox Personal Use and Evaluation License (PUEL)
[2011-01-06 02:00] ===> which can be found here: http://virtualbox.org/wiki/VirtualBox_PUEL
[2011-01-06 02:00] ===>
[2011-01-06 02:00] ===> If you do not accept this license, you must remove the package immediately.
[2011-01-06 02:00] ===>
[2011-01-06 02:00]
[2011-01-06 02:00] installed virtualbox-additions (4.0.0-1)
[2011-01-07 08:16] Running 'pacman -U virtualbox-netflt-patch-1.0.0-1-x86_64.pkg.tar.xz'
[2011-01-07 08:16] Running 'pacman -U virtualbox-netflt-patch-1.0.0-1-x86_64.pkg.tar.xz'
[2011-01-07 08:16] installed virtualbox-netflt-patch (1.0.0-1)
[2011-01-07 08:49] Running 'pacman -U virtualbox-modules-noqueue-patch-1.0-1-x86_64.pkg.tar.xz'
[2011-01-07 08:49] Running 'pacman -R virtualbox-netflt-patch'
[2011-01-07 08:49] removed virtualbox-netflt-patch (1.0.0-1)
[2011-01-07 08:49] Running 'pacman -U virtualbox-modules-noqueue-patch-1.0-1-x86_64.pkg.tar.xz'
[2011-01-07 08:49] >>> Updating module dependencies...
[2011-01-07 08:49] installed virtualbox-modules-noqueue-patch (1.0-1)
[2011-01-07 08:57] Running 'pacman -U virtualbox-modules-noqueue-patch-1.0-1-x86_64.pkg.tar.xz'
[2011-01-07 08:57] upgraded virtualbox-modules-noqueue-patch (1.0-1 -> 1.0-1)
[2011-01-07 08:59] Running 'pacman -U virtualbox-modules-noqueue-patch-1.0-1-x86_64.pkg.tar.xz'
[2011-01-07 08:59] upgraded virtualbox-modules-noqueue-patch (1.0-1 -> 1.0-1)
[2011-01-07 09:00] Running 'pacman -U virtualbox-modules-noqueue-patch-1.0-1-x86_64.pkg.tar.xz'
[2011-01-07 09:00] upgraded virtualbox-modules-noqueue-patch (1.0-1 -> 1.0-1)
[2011-01-07 10:12] Running '/usr/bin/pacman -U virtualbox-modules-noqueue-patch-1.0-2-x86_64.pkg.tar.xz'
[2011-01-07 10:12] >>> Updating module dependencies...
[2011-01-07 10:12] >>> Reloading virtualbox modules...
[2011-01-07 10:12] upgraded virtualbox-modules-noqueue-patch (1.0-1 -> 1.0-2)
[2011-01-07 10:12] Running 'pacman -Syu'
[2011-01-07 10:12] synchronizing package lists
[2011-01-07 10:12] starting full system upgrade
[2011-01-07 10:14] upgraded libcups (1.4.5-2 -> 1.4.6-1)
[2011-01-07 10:14] upgraded cups (1.4.5-2 -> 1.4.6-1)
[2011-01-07 10:14] upgraded devtools (0.9.15-1 -> 0.9.16-1)
[2011-01-07 10:14] upgraded git (1.7.3.4-1 -> 1.7.3.5-1)
[2011-01-07 10:14] upgraded hunspell (1.2.12-1 -> 1.2.14-1)
[2011-01-07 10:14] upgraded mpg123 (1.12.3-1 -> 1.13.1-1)
[2011-01-07 10:14] warning: directory permissions differ on usr/share/nethack/
filesystem: 755 package: 775
[2011-01-07 10:14] upgraded nethack (3.4.3-4 -> 3.4.3-5)
[2011-01-07 10:14] upgraded php (5.3.4-2 -> 5.3.5-1)
[2011-01-07 10:14] upgraded php-cgi (5.3.4-2 -> 5.3.5-1)
[2011-01-07 10:14] upgraded php-gd (5.3.4-2 -> 5.3.5-1)
[2011-01-07 10:14] upgraded php-mcrypt (5.3.4-2 -> 5.3.5-1)
[2011-01-07 10:14] upgraded php-pear (5.3.4-2 -> 5.3.5-1)
[2011-01-07 10:14] upgraded python2 (2.7.1-3 -> 2.7.1-4)
[2011-01-07 10:15] Running 'pacman -U /tmp/packerbuild-1000/virtualbox-modules-noqueue-patch/virtualbox-modules-noqueue-patch/virtualbox-modules-noqueue-patch-1.0-2-x86_64.pkg.tar.xz'
[2011-01-07 10:15] >>> Updating module dependencies...
[2011-01-07 10:15] >>> Reloading virtualbox modules...
[2011-01-07 10:15] upgraded virtualbox-modules-noqueue-patch (1.0-2 -> 1.0-2)
[2011-01-07 10:17] Running '/usr/bin/pacman -Syu'
[2011-01-07 10:17] synchronizing package lists
[2011-01-07 10:18] starting full system upgrade
[2011-01-07 10:19] Running '/usr/bin/pacman -U virtualbox-modules-noqueue-patch-1.0-3-x86_64.pkg.tar.xz'
[2011-01-07 10:19] >>> Updating module dependencies...
[2011-01-07 10:19] >>> Reloading virtualbox modules...
[2011-01-07 10:19] upgraded virtualbox-modules-noqueue-patch (1.0-2 -> 1.0-3)
[2011-01-08 02:38] Running 'pacman -U tmux-cvs-20110108-2-x86_64.pkg.tar.xz'
[2011-01-08 02:38] removed tmux (1.4-1)
[2011-01-08 02:38] installed tmux-cvs (20110108-2)
[2011-01-08 02:46] Running 'pacman -S tmux'
[2011-01-08 02:46] removed tmux-cvs (20110108-2)
[2011-01-08 02:46] installed tmux (1.4-1)
[2011-01-08 02:46] Running 'pacman -Syu'
[2011-01-08 02:46] synchronizing package lists
[2011-01-08 02:46] starting full system upgrade
[2011-01-08 02:47] upgraded imagemagick (6.6.4.10-1 -> 6.6.6.10-1)
[2011-01-08 02:47] upgraded ruby (1.9.2_p136-1 -> 1.9.2_p136-2)
[2011-01-08 02:47] upgraded winetricks (20101222-1 -> 20110105-1)
[2011-01-08 02:48] Running '/usr/bin/pacman -U opera-devel-11.01_1160-2-x86_64.pkg.tar.xz'
[2011-01-08 02:49] Running 'pacman -U /tmp/packerbuild-1000/opera-devel/opera-devel/opera-devel-11.01_1160-2-x86_64.pkg.tar.xz'
[2011-01-08 02:49] >>
[2011-01-08 02:49] >> WARNING THIS CAN LEAD TO DATA LOSS
[2011-01-08 02:49] >>
[2011-01-08 02:49] >> If installed with a devel suffix (the default) the
[2011-01-08 02:49] >> ~/.opera-devel profile will be used. For people who
[2011-01-08 02:49] >> want to use the same profile for opera-devel as they
[2011-01-08 02:49] >> use for opera (stable), start opera-devel as follows:
[2011-01-08 02:49] >>
[2011-01-08 02:49] >> $ opera-devel -pd ~/.opera
[2011-01-08 02:49] >>
[2011-01-08 02:49] >> You can make this more permenant by editing
[2011-01-08 02:49] >> /usr/bin/opera-devel and un-setting
[2011-01-08 02:49] >> $OPERA_PERSONALDIR
[2011-01-08 02:49] >>
[2011-01-08 02:49] >> WARNING THIS CAN LEAD TO DATA LOSS
[2011-01-08 02:49] >>
[2011-01-08 02:49] upgraded opera-devel (11.00_1156-1 -> 11.01_1160-2)
[2011-01-10 00:00] Running 'pacman -Syu'
[2011-01-10 00:00] synchronizing package lists
[2011-01-10 00:00] starting full system upgrade
[2011-01-10 00:07] upgraded coreutils (8.8-1 -> 8.9-1)
[2011-01-10 00:07] upgraded devtools (0.9.16-1 -> 0.9.17-1)
[2011-01-10 00:07] upgraded htop (0.8.3-1 -> 0.9-1)
[2011-01-10 00:07] upgraded kdelibs (4.5.4-1 -> 4.5.5-1)
[2011-01-10 00:07] upgraded oxygen-icons (4.5.4-1 -> 4.5.5-1)
[2011-01-10 00:07] upgraded libssh (0.4.6-1 -> 0.4.7-1)
[2011-01-10 00:07] upgraded kdebase-runtime (4.5.4-1 -> 4.5.5-1)
[2011-01-10 00:07] upgraded kdepimlibs (4.5.4-1 -> 4.5.5-1)
[2011-01-10 00:07] upgraded module-init-tools (3.12-1 -> 3.12-2)
[2011-01-10 00:07] >>> Updating module dependencies. Please wait ...
[2011-01-10 00:07] >>> MKINITCPIO SETUP
[2011-01-10 00:07] >>> ----------------
[2011-01-10 00:07] >>> If you use LVM2, Encrypted root or software RAID,
[2011-01-10 00:07] >>> Ensure you enable support in /etc/mkinitcpio.conf .
[2011-01-10 00:07] >>> More information about mkinitcpio setup can be found here:
[2011-01-10 00:07] >>> http://wiki.archlinux.org/index.php/Mkinitcpio
[2011-01-10 00:07]
[2011-01-10 00:07] >>> Generating initial ramdisk, using mkinitcpio. Please wait...
[2011-01-10 00:07] ==> Building image "default"
[2011-01-10 00:07] ==> Running command: /sbin/mkinitcpio -k 2.6.36-ARCH -c /etc/mkinitcpio.conf -g /boot/kernel26.img
[2011-01-10 00:07] :: Begin build
[2011-01-10 00:07] :: Parsing hook [base]
[2011-01-10 00:07] :: Parsing hook [udev]
[2011-01-10 00:07] :: Parsing hook [autodetect]
[2011-01-10 00:07] :: Parsing hook [pata]
[2011-01-10 00:07] :: Parsing hook [scsi]
[2011-01-10 00:07] :: Parsing hook [sata]
[2011-01-10 00:07] :: Parsing hook [filesystems]
[2011-01-10 00:07] :: Generating module dependencies
[2011-01-10 00:07] :: Generating image '/boot/kernel26.img'...SUCCESS
[2011-01-10 00:07] ==> SUCCESS
[2011-01-10 00:07] ==> Building image "fallback"
[2011-01-10 00:07] ==> Running command: /sbin/mkinitcpio -k 2.6.36-ARCH -c /etc/mkinitcpio.conf -g /boot/kernel26-fallback.img -S autodetect
[2011-01-10 00:07] :: Begin build
[2011-01-10 00:07] :: Parsing hook [base]
[2011-01-10 00:07] :: Parsing hook [udev]
[2011-01-10 00:07] :: Parsing hook [pata]
[2011-01-10 00:07] :: Parsing hook [scsi]
[2011-01-10 00:08] :: Parsing hook [sata]
[2011-01-10 00:08] :: Parsing hook [filesystems]
[2011-01-10 00:08] :: Generating module dependencies
[2011-01-10 00:08] :: Generating image '/boot/kernel26-fallback.img'...SUCCESS
[2011-01-10 00:08] ==> SUCCESS
[2011-01-10 00:08] upgraded kernel26 (2.6.36.2-1 -> 2.6.36.3-1)
[2011-01-10 00:08] upgraded kernel26-headers (2.6.36.2-1 -> 2.6.36.3-1)
[2011-01-10 00:08] upgraded libtirpc (0.2.1-1 -> 0.2.1-2)
[2011-01-10 00:08] upgraded usbutils (0.91-4 -> 001-2)
[2011-01-10 00:08] This wine package is wow64 enabled. This means it can run 32bit/64bit Windows apps on x86_64.
[2011-01-10 00:08] If you are on x86_64, the default WINEARCH will be win64.
[2011-01-10 00:08] This will cause a lot of Windows applications to malfunction even if they usually work in wine.
[2011-01-10 00:08] Please create your ~/.wine with 'WINEARCH=win32 winecfg' if you are unsure and on x86_64.
[2011-01-10 00:08] See the Arch wiki on wine for more information.
[2011-01-10 00:08] upgraded wine (1.3.10-1 -> 1.3.11-1)
[2011-01-10 19:14] Running 'pacman -S opencv'
[2011-01-10 19:14] Running '/usr/bin/pacman -S -- opencv'
[2011-01-10 22:41] Running 'pacman -S python-scipy'
[2011-01-10 22:42] installed python-scipy (0.8.0-4)
[2011-01-10 23:56] Running 'pacman -Rcs avld'
[2011-01-10 23:57] removed avld (0.1.4-4)
[2011-01-11 00:03] Running 'pacman -Syu'
[2011-01-11 00:03] synchronizing package lists
[2011-01-11 00:03] starting full system upgrade
[2011-01-11 00:03] upgraded freetype2 (2.4.4-1 -> 2.4.4-2)
[2011-01-11 00:03] upgraded hal (0.5.14-5 -> 0.5.14-6)
[2011-01-11 00:03] upgraded xorg-xdm (1.1.10-1 -> 1.1.10-2)
[2011-01-11 00:19] Running '/usr/bin/pacman -U webcamstudio-0.56-1-x86_64.pkg.tar.xz'
[2011-01-11 00:19] installed webcamstudio (0.56-1)
[2011-01-11 01:06] Running 'pacman -Rcs amsn'
[2011-01-11 01:06] removed amsn (0.98.4-1)
[2011-01-11 01:06] removed tls (1.6-3)
[2011-01-11 03:10] Running '/usr/bin/pacman -U vloopback-svn-23-1-x86_64.pkg.tar.xz'
[2011-01-11 03:10] installed vloopback-svn (23-1)
[2011-01-11 03:33] Running '/usr/bin/pacman -U dasm-2.20.10b-2-x86_64.pkg.tar.xz'
[2011-01-11 03:33] installed dasm (2.20.10b-2)
[2011-01-12 00:02] Running 'pacman -Syu'
[2011-01-12 00:02] synchronizing package lists
[2011-01-13 02:28] Running '/usr/bin/pacman -U opera-devel-11.01_1164-2-x86_64.pkg.tar.xz'
[2011-01-13 02:28] >>
[2011-01-13 02:28] >> WARNING THIS CAN LEAD TO DATA LOSS
[2011-01-13 02:28] >>
[2011-01-13 02:28] >> If installed with a devel suffix (the default) the
[2011-01-13 02:28] >> ~/.opera-devel profile will be used. For people who
[2011-01-13 02:28] >> want to use the same profile for opera-devel as they
[2011-01-13 02:28] >> use for opera (stable), start opera-devel as follows:
[2011-01-13 02:28] >>
[2011-01-13 02:28] >> $ opera-devel -pd ~/.opera
[2011-01-13 02:28] >>
[2011-01-13 02:28] >> You can make this more permenant by editing
[2011-01-13 02:28] >> /usr/bin/opera-devel and un-setting
[2011-01-13 02:28] >> $OPERA_PERSONALDIR
[2011-01-13 02:28] >>
[2011-01-13 02:28] >> WARNING THIS CAN LEAD TO DATA LOSS
[2011-01-13 02:28] >>
[2011-01-13 02:28] upgraded opera-devel (11.01_1160-2 -> 11.01_1164-2)
[2011-01-13 02:29] Running '/usr/bin/pacman -U ttf-ms-fonts-2.0-7-any.pkg.tar.xz'
[2011-01-13 02:29] Updating font cache... done.
[2011-01-13 02:29] upgraded ttf-ms-fonts (2.0-5 -> 2.0-7)
[2011-01-13 02:29] Running 'pacman -Syu'
[2011-01-13 02:29] synchronizing package lists
[2011-01-13 02:29] starting full system upgrade
[2011-01-13 02:30] upgraded acl (2.2.49-1 -> 2.2.49-2)
[2011-01-13 02:30] upgraded gdbm (1.8.3-7 -> 1.8.3-8)
[2011-01-13 02:30] upgraded qscintilla (2.4.6-1 -> 2.4.6-2)
[2011-01-13 02:30] NOTE: To run wireshark as normal user you have to add yourself into wireshark group
[2011-01-13 02:30] upgraded wireshark-cli (1.4.2-2 -> 1.4.3-1)
[2011-01-13 02:30] upgraded wireshark-gtk (1.4.2-2 -> 1.4.3-1)
[2011-01-13 23:28] Running '/usr/bin/pacman -U ttf-vista-fonts-1-3-any.pkg.tar.xz'
[2011-01-13 23:28] rebuilding font cache... done.
[2011-01-13 23:28] installed ttf-vista-fonts (1-3)
[2011-01-14 00:16] Running 'pacman -Syu'
[2011-01-14 00:16] synchronizing package lists
[2011-01-14 00:17] starting full system upgrade
[2011-01-14 00:18] upgraded gmp (5.0.1-1 -> 5.0.1-2)
[2011-01-14 00:18] upgraded lib32-libpng (1.4.4-1 -> 1.4.5-1)
[2011-01-14 00:18] upgraded sudo (1.7.4.p4-1 -> 1.7.4.p5-1)
[2011-01-14 00:18] upgraded unrar (4.0.3-1 -> 4.0.4-1)
[2011-01-14 02:29] Running 'pacman -U gplanarity-16723-1-x86_64.pkg.tar.xz'
[2011-01-14 02:29] installed gplanarity (16723-1)
[2011-01-15 06:58] Running 'pacman -U quake4-1.4.2-3-x86_64.pkg.tar.xz'
[2011-01-15 06:58] IMPORTANT
[2011-01-15 06:58] ==> In order to use the software, you have to agree to ID Software's license
[2011-01-15 06:58] ==> located in /opt/quake4/License.txt and Punkbuster's license located in
[2011-01-15 06:58] ==> /opt/quake4/pb/PBEULA.txt.
[2011-01-15 06:58] ==> If you don't, please remove this package (pacman -R quake4)
[2011-01-15 06:58]
[2011-01-15 06:58] The following files must be copied from the install CDs [1]
[2011-01-15 06:58] to your q4base/ directory ( md5 sums provided as reference ):
[2011-01-15 06:58]
[2011-01-15 06:58] If you copy them before running the installer you will need to
[2011-01-15 06:58] create the paths, by default /opt/quake4/q4base. Make sure not
[2011-01-15 06:58] to replace any paks the installer might have provided.
[2011-01-15 06:58]
[2011-01-15 06:58] b201b914167f47061fa5f975af527122 pak001.pk4
[2011-01-15 06:58] dabe2c88e004198947431250e3f4ca1d pak002.pk4
[2011-01-15 06:58] 8573f05af4c9568880cc464d06292079 pak003.pk4
[2011-01-15 06:58] 12ff4006a7f7181ac16835d05c59905f pak004.pk4
[2011-01-15 06:58] 3576213f4e00f06baf3cd5de089a538a pak005.pk4
[2011-01-15 06:58] aec7bb418b9a86256f9e5daee894dee2 pak006.pk4
[2011-01-15 06:58] 0f53b4fb4df2c14fcd10012baf8b2f87 pak007.pk4
[2011-01-15 06:58] b099d75869f0ffcbcb8e5166374af345 pak008.pk4
[2011-01-15 06:58] cb2b44bf573559dc19b488d9e1e5bec3 pak009.pk4
[2011-01-15 06:58] d024073349dc917b4feab49e6abc417b pak010.pk4
[2011-01-15 06:58] 98c854d94ce1da5272952b77821823df pak011.pk4
[2011-01-15 06:58] e77a2fda6656495d38773e05bbffda33 pak012.pk4
[2011-01-15 06:58] 669d6d9a30b798d19434972475b98c53 zpak_english.pk4
[2011-01-15 06:58] 2cabddd692e214c78c20a464da43f1ef zpak_french.pk4
[2011-01-15 06:58] 4ee7eb637cde6bcfe3a9ffac5e4579dd zpak_italian.pk4
[2011-01-15 06:58] 36eee38e6c2dce12986f7192a5a996e5 zpak_spanish.pk4
[2011-01-15 06:58]
[2011-01-15 06:58] Start the game with the command: quake4
[2011-01-15 06:58] Start the dedicated server with the command: quake4-dedicated
[2011-01-15 06:58]
[2011-01-15 06:58] For troubleshooting and help, see:
[2011-01-15 06:58] http://zerowing.idsoftware.com/linux/
[2011-01-15 06:58] installed quake4 (1.4.2-3)
[2011-01-15 06:59] Running 'pacman -S lib32-nvidia-utils'
[2011-01-15 06:59] upgraded lib32-nvidia-utils (260.19.29-2 -> 260.19.29-2)
[2011-01-17 00:02] Running '/usr/bin/pacman -U dasm-2.20.11-1-x86_64.pkg.tar.xz'
[2011-01-17 00:02] upgraded dasm (2.20.10b-2 -> 2.20.11-1)
[2011-01-17 00:02] Running 'pacman -Syu'
[2011-01-17 00:02] synchronizing package lists
[2011-01-17 00:02] starting full system upgrade
[2011-01-17 00:07] upgraded pango-perl (1.221-2 -> 1.221-3)
[2011-01-17 00:07] upgraded gtk2-perl (1.222-1 -> 1.222-2)
[2011-01-17 00:07] - The directories /usr/lib/perl5/current, /usr/lib/perl5/site_perl/current,
[2011-01-17 00:07] /usr/lib/perl5/site_perl/5.10.1, and /usr/share/perl5/site_perl/5.10.1
[2011-01-17 00:07] have been removed from @INC.
[2011-01-17 00:07] - The script/binary directories are now /usr/bin/*_perl instead of
[2011-01-17 00:07] /usr/lib/perl5/*_perl/bin which will be eventually removed.
[2011-01-17 00:07] upgraded perl (5.12.1-3 -> 5.12.2-1)
[2011-01-17 00:07] upgraded perl-gtk2-ex-formfactory (0.66-1 -> 0.66-2)
[2011-01-17 00:07] upgraded imagemagick (6.6.6.10-1 -> 6.6.6.10-2)
[2011-01-17 00:07] upgraded perl-libintl-perl (1.20-1 -> 1.20-2)
[2011-01-17 00:07] upgraded perl-event-execflow (0.64-1 -> 0.64-2)
[2011-01-17 00:07] update desktop mime database...
[2011-01-17 00:07] upgraded dvdrip (0.98.11-1 -> 0.98.11-5)
[2011-01-17 00:07] upgraded sdl_perl (2.2.6-4 -> 2.2.6-5)
[2011-01-17 00:07] upgraded perl-locale-gettext (1.05-5 -> 1.05-6)
[2011-01-17 00:07] upgraded frozen-bubble (2.2.0-2 -> 2.2.0-3)
[2011-01-17 00:07] upgraded perl-error (0.17016-1 -> 0.17016-2)
[2011-01-17 00:07] upgraded git (1.7.3.5-1 -> 1.7.3.5-2)
[2011-01-17 00:07] upgraded gocr (0.48-2 -> 0.49-1)
[2011-01-17 00:07] upgraded irssi (0.8.15-3 -> 0.8.15-4)
[2011-01-17 00:07] upgraded libmpc (0.8.2-2 -> 0.8.2-3)
[2011-01-17 00:07] upgraded perl-event (1.13-2 -> 1.13-3)
[2011-01-17 00:07] upgraded perl-html-tagset (3.20-1 -> 3.20-2)
[2011-01-17 00:07] upgraded perl-html-parser (3.66-1 -> 3.68-1)
[2011-01-17 00:07] upgraded perl-xml-parser (2.40-1 -> 2.40-2)
[2011-01-17 00:07] upgraded perl-yaml-syck (1.15-1 -> 1.17-1)
[2011-01-17 00:07] upgraded pkgtools (21-2 -> 22-1)
[2011-01-17 00:07] upgraded popt (1.16-2 -> 1.16-3)
[2011-01-17 00:07] upgraded rxvt-unicode (9.09-1 -> 9.10-1)
[2011-01-17 00:07] upgraded slang (2.2.1-1 -> 2.2.3-2)
[2011-01-17 00:07] -> You can now set custom file descriptor ulimits for Tor in
[2011-01-17 00:07] -> "/etc/conf.d/tor" using the "TOR_MAX_FD" variable.
[2011-01-17 00:07] upgraded tor (0.2.1.28-1 -> 0.2.1.28-2)
[2011-01-18 00:39] Running '/usr/bin/pacman -U opera-devel-11.01_1170-1-x86_64.pkg.tar.xz'
[2011-01-18 00:39] >>
[2011-01-18 00:39] >> WARNING THIS CAN LEAD TO DATA LOSS
[2011-01-18 00:39] >>
[2011-01-18 00:39] >> If installed with a devel suffix (the default) the
[2011-01-18 00:39] >> ~/.opera-devel profile will be used. For people who
[2011-01-18 00:39] >> want to use the same profile for opera-devel as they
[2011-01-18 00:39] >> use for opera (stable), start opera-devel as follows:
[2011-01-18 00:39] >>
[2011-01-18 00:39] >> $ opera-devel -pd ~/.opera
[2011-01-18 00:39] >>
[2011-01-18 00:39] >> You can make this more permenant by editing
[2011-01-18 00:39] >> /usr/bin/opera-devel and un-setting
[2011-01-18 00:39] >> $OPERA_PERSONALDIR
[2011-01-18 00:39] >>
[2011-01-18 00:39] >> WARNING THIS CAN LEAD TO DATA LOSS
[2011-01-18 00:39] >>
[2011-01-18 00:39] upgraded opera-devel (11.01_1164-2 -> 11.01_1170-1)
[2011-01-18 00:39] Running 'pacman -Syu'
[2011-01-18 00:39] synchronizing package lists
[2011-01-18 00:49] Running 'pacman -Syu'
[2011-01-18 00:49] synchronizing package lists
[2011-01-18 00:49] Running 'pacman -Syu'
[2011-01-18 00:49] synchronizing package lists
[2011-01-18 00:49] Running 'pacman -Syu'
[2011-01-18 00:49] synchronizing package lists
[2011-01-18 00:49] Running 'pacman -Syu'
[2011-01-18 00:49] synchronizing package lists
[2011-01-18 00:49] Running 'pacman -Syu'
[2011-01-18 00:49] synchronizing package lists
[2011-01-18 00:49] Running 'pacman -Syu'
[2011-01-18 00:49] synchronizing package lists
[2011-01-18 00:49] Running 'pacman -Syu'
[2011-01-18 00:49] synchronizing package lists
[2011-01-18 00:49] Running 'pacman -Syu'
[2011-01-18 00:49] synchronizing package lists
[2011-01-18 00:49] Running 'pacman -Syu'
[2011-01-18 00:49] synchronizing package lists
[2011-01-18 01:00] Running 'pacman -Syu'
[2011-01-18 01:00] synchronizing package lists
[2011-01-18 01:29] Running 'pacman -Syu'
[2011-01-18 01:29] synchronizing package lists
[2011-01-18 01:41] Running 'pacman -Syu'
[2011-01-18 01:41] synchronizing package lists
[2011-01-18 01:41] Running 'pacman -Syu'
[2011-01-18 01:41] synchronizing package lists
[2011-01-18 01:41] Running 'pacman -Syu'
[2011-01-18 01:41] synchronizing package lists
[2011-01-18 01:41] Running 'pacman -Syu'
[2011-01-18 01:41] synchronizing package lists
[2011-01-18 01:41] Running 'pacman -Syu'
[2011-01-18 01:41] synchronizing package lists
[2011-01-18 01:41] Running 'pacman -Syu'
[2011-01-18 01:41] synchronizing package lists
[2011-01-18 01:41] Running 'pacman -Syu'
[2011-01-18 01:41] synchronizing package lists
[2011-01-18 01:41] Running 'pacman -Syu'
[2011-01-18 01:41] synchronizing package lists
[2011-01-18 01:41] Running 'pacman -Syu'
[2011-01-18 01:41] synchronizing package lists
[2011-01-18 01:41] Running 'pacman -Syu'
[2011-01-18 01:41] synchronizing package lists
[2011-01-18 01:41] Running 'pacman -Syu'
[2011-01-18 01:41] synchronizing package lists
[2011-01-18 01:41] Running 'pacman -Syu'
[2011-01-18 01:41] synchronizing package lists
[2011-01-18 01:41] Running 'pacman -Syu'
[2011-01-18 01:41] synchronizing package lists
[2011-01-18 01:41] Running 'pacman -Syu'
[2011-01-18 01:41] synchronizing package lists
[2011-01-18 01:41] Running 'pacman -Syu'
[2011-01-18 01:41] synchronizing package lists
[2011-01-18 02:02] Running 'pacman -Syu'
[2011-01-18 02:02] synchronizing package lists
[2011-01-18 02:02] Running 'pacman -Syu'
[2011-01-18 02:02] synchronizing package lists
[2011-01-18 02:02] Running 'pacman -Syu'
[2011-01-18 02:02] synchronizing package lists
[2011-01-18 03:28] Running 'pacman -Syu'
[2011-01-18 03:28] synchronizing package lists
[2011-01-18 03:29] starting full system upgrade
[2011-01-18 03:57] Running 'pacman -U gcc-libs-multilib-4.5.2-4.1-x86_64.pkg.tar.xz'
[2011-01-18 03:57] Running 'pacman -U gcc-libs-multilib-4.5.2-4.1-x86_64.pkg.tar.xz'
[2011-01-18 04:00] Running 'pacman -U gcc-libs-multilib-4.5.2-4.1-x86_64.pkg.tar.xz'
[2011-01-18 04:01] removed gcc-libs (4.5.2-4)
[2011-01-18 04:01] upgraded lib32-gcc-libs (4.5.2-4 -> 4.5.2-4.1)
[2011-01-18 04:01] installed gcc-libs-multilib (4.5.2-4.1)
[2011-01-18 04:01] Running 'pacman -Syu'
[2011-01-18 04:01] synchronizing package lists
[2011-01-18 04:02] starting full system upgrade
[2011-01-18 04:06] upgraded pinentry (0.8.0-2 -> 0.8.1-1)
[2011-01-18 04:06] upgraded gnupg2 (2.0.16-3 -> 2.0.17-1)
[2011-01-18 04:06] upgraded gstreamer0.10-ugly (0.10.16-1 -> 0.10.16-2)
[2011-01-18 04:06] upgraded gstreamer0.10-ugly-plugins (0.10.16-1 -> 0.10.16-2)
[2011-01-18 04:06] upgraded mpc (0.19-1 -> 0.20-1)
[2011-01-18 04:06] upgraded mplayer (32663-1 -> 32792-1)
[2011-01-18 04:06] upgraded mtr (0.80-1 -> 0.80-2)
[2011-01-18 04:06] installed libedit (20090923_3.0-1)
[2011-01-18 04:06] warning: /etc/ssh/sshd_config installed as /etc/ssh/sshd_config.pacnew
[2011-01-18 04:06] upgraded openssh (5.6p1-1 -> 5.6p1-2)
[2011-01-18 09:29] Running '/usr/bin/pacman -U x264-git-20110118-1-x86_64.pkg.tar.xz'
[2011-01-18 09:29] upgraded x264-git (20101019-1 -> 20110118-1)
[2011-01-19 07:20] Running 'pacman -S at'
[2011-01-19 07:20] upgraded at (3.1.12-1 -> 3.1.12-1)
[2011-01-19 08:26] Running 'pacman -Sc'
[2011-01-19 08:35] Running 'pacman -S ffmpeg'
[2011-01-19 08:35] removed ffmpeg-svn (25886-1)
[2011-01-19 08:35] installed ffmpeg (26387-1)
[2011-01-19 08:35] Running 'pacman -S x264'
[2011-01-19 08:36] removed x264-git (20110118-1)
[2011-01-19 08:36] installed x264 (20110115-1)
[2011-01-19 12:14] Running '/usr/bin/pacman -U sub2srt-0.5.3-1-any.pkg.tar.xz'
[2011-01-19 12:14] installed sub2srt (0.5.3-1)
[2011-01-19 12:17] Running 'pacman -S subtitleeditor'
[2011-01-19 12:17] installed glibmm (2.24.2-1)
[2011-01-19 12:17] installed libxml++ (2.32.0-1)
[2011-01-19 12:17] installed gstreamermm (0.10.6-1)
[2011-01-19 12:17] installed cairomm (1.8.6-1)
[2011-01-19 12:17] installed pangomm (2.26.2-1)
[2011-01-19 12:17] installed atkmm (2.22.2-1)
[2011-01-19 12:17] installed gtkmm (2.22.0-1)
[2011-01-19 12:17] installed subtitleeditor (0.37.1-1)
[2011-01-19 12:20] Running 'pacman -Rcs subtitleeditor'
[2011-01-19 12:20] removed subtitleeditor (0.37.1-1)
[2011-01-19 12:20] removed gstreamermm (0.10.6-1)
[2011-01-19 12:20] removed gtkmm (2.22.0-1)
[2011-01-19 12:20] removed libxml++ (2.32.0-1)
[2011-01-19 12:20] removed atkmm (2.22.2-1)
[2011-01-19 12:20] removed pangomm (2.26.2-1)
[2011-01-19 12:20] removed glibmm (2.24.2-1)
[2011-01-19 12:20] removed cairomm (1.8.6-1)
[2011-01-19 12:20] Running 'pacman -Rcs sub2srt'
[2011-01-19 12:20] removed sub2srt (0.5.3-1)
[2011-01-19 12:23] Running 'pacman -S avidemux-gtk'
[2011-01-19 12:24] installed avidemux-cli (2.5.4-2)
[2011-01-19 12:24] installed avidemux-gtk (2.5.4-2)